build/app/outputs/mapping/release/mapping.txt
# compiler: R8
# compiler_version: 1.5.64
# min_api: 21
# pg_map_id: a4d47d6
...
com.google.android.gms.common.BlockingServiceConnection -> b.a.a.a.d.a:
    boolean zzu -> a
    java.util.concurrent.BlockingQueue zzv -> b
    android.os.IBinder getServiceWithTimeout(long,java.util.concurrent.TimeUnit) -> a
com.google.android.gms.common.ConnectionResult -> b.a.a.a.d.b:
    com.google.android.gms.common.ConnectionResult RESULT_SUCCESS -> f
    int zzq -> b
    int zzr -> c
    java.lang.String zzt -> e
    android.app.PendingIntent zzs -> d
    int getErrorCode() -> H
    java.lang.String getErrorMessage() -> I
    android.app.PendingIntent getResolution() -> J
    boolean hasResolution() -> K
    boolean isSuccess() -> L
    java.lang.String zza(int) -> b
com.google.android.gms.common.ErrorDialogFragment -> b.a.a.a.d.c:
    android.content.DialogInterface$OnCancelListener zaaq -> c
    android.app.Dialog mDialog -> b
    com.google.android.gms.common.ErrorDialogFragment newInstance(android.app.Dialog,android.content.DialogInterface$OnCancelListener) -> a
com.google.android.gms.common.Feature -> b.a.a.a.d.d:
    long zzx -> d
    java.lang.String name -> b
    int zzw -> c
    java.lang.String getName() -> H
    long getVersion() -> I
com.google.android.gms.common.GoogleApiAvailability -> b.a.a.a.d.e:
    com.google.android.gms.common.GoogleApiAvailability zaao -> e
    java.lang.Object mLock -> d
    java.lang.String zaap -> c
    android.app.Dialog getErrorDialog(android.app.Activity,int,int,android.content.DialogInterface$OnCancelListener) -> a
    android.content.Intent getErrorResolutionIntent(android.content.Context,int,java.lang.String) -> a
    android.app.PendingIntent getErrorResolutionPendingIntent(android.content.Context,int,int) -> a
    android.app.PendingIntent getErrorResolutionPendingIntent(android.content.Context,com.google.android.gms.common.ConnectionResult) -> a
    java.lang.String getErrorString(int) -> a
    com.google.android.gms.common.GoogleApiAvailability getInstance() -> a
    int isGooglePlayServicesAvailable(android.content.Context,int) -> a
    android.app.Dialog zaa(android.content.Context,int,com.google.android.gms.common.internal.DialogRedirect,android.content.DialogInterface$OnCancelListener) -> a
    void zaa(android.app.Activity,android.app.Dialog,java.lang.String,android.content.DialogInterface$OnCancelListener) -> a
    void zaa(android.content.Context,int,java.lang.String,android.app.PendingIntent) -> a
    boolean zaa(android.content.Context,com.google.android.gms.common.ConnectionResult,int) -> a
    int isGooglePlayServicesAvailable(android.content.Context) -> b
    boolean isUserResolvableError(int) -> b
com.google.android.gms.common.GoogleApiAvailability$zaa -> b.a.a.a.d.e$a:
    android.content.Context zaas -> a
    com.google.android.gms.common.GoogleApiAvailability zaat -> b
com.google.android.gms.common.GoogleApiAvailabilityLight -> b.a.a.a.d.f:
    com.google.android.gms.common.GoogleApiAvailabilityLight zzab -> b
    int GOOGLE_PLAY_SERVICES_VERSION_CODE -> a
    int getApkVersion(android.content.Context) -> a
    android.content.Intent getErrorResolutionIntent(android.content.Context,int,java.lang.String) -> a
    android.app.PendingIntent getErrorResolutionPendingIntent(android.content.Context,int,int) -> a
    android.app.PendingIntent getErrorResolutionPendingIntent(android.content.Context,int,int,java.lang.String) -> a
    java.lang.String getErrorString(int) -> a
    com.google.android.gms.common.GoogleApiAvailabilityLight getInstance() -> a
    int isGooglePlayServicesAvailable(android.content.Context,int) -> a
    java.lang.String zza(android.content.Context,java.lang.String) -> a
    int isGooglePlayServicesAvailable(android.content.Context) -> b
    boolean isUserResolvableError(int) -> b
    void verifyGooglePlayServicesIsAvailable(android.content.Context,int) -> b
com.google.android.gms.common.GooglePlayServicesNotAvailableException -> b.a.a.a.d.g:
com.google.android.gms.common.GooglePlayServicesRepairableException -> b.a.a.a.d.h: